c:\uni\games engineering code\game-engineering-codebase\plugins\networking-enet\debug\networking-enet.pdb
c:\uni\games engineering code\game-engineering-codebase\plugins\networking-enet\debug\networking-enet.idb
c:\uni\games engineering code\game-engineering-codebase\plugins\networking-enet\debug\win32.obj
c:\uni\games engineering code\game-engineering-codebase\plugins\networking-enet\debug\protocol.obj
c:\uni\games engineering code\game-engineering-codebase\plugins\networking-enet\debug\peer.obj
c:\uni\games engineering code\game-engineering-codebase\plugins\networking-enet\debug\packet.obj
c:\uni\games engineering code\game-engineering-codebase\plugins\networking-enet\debug\compress.obj
c:\uni\games engineering code\game-engineering-codebase\plugins\networking-enet\debug\host.obj
c:\uni\games engineering code\8503 release\plugins\networking-enet\debug\networking-enet.pdb
c:\uni\games engineering code\8503 release\plugins\networking-enet\debug\networking-enet.idb
c:\uni\games engineering code\8503 release\plugins\networking-enet\debug\win32.obj
c:\uni\games engineering code\8503 release\plugins\networking-enet\debug\protocol.obj
c:\uni\games engineering code\8503 release\plugins\networking-enet\debug\peer.obj
c:\uni\games engineering code\8503 release\plugins\networking-enet\debug\packet.obj
c:\uni\games engineering code\8503 release\plugins\networking-enet\debug\list.obj
c:\uni\games engineering code\8503 release\plugins\networking-enet\debug\host.obj
c:\uni\games engineering code\8503 release\plugins\networking-enet\debug\compress.obj
c:\uni\games engineering code\8503 release\plugins\networking-enet\debug\callbacks.obj
c:\users\b7079838\desktop\8503 release  2021\plugins\networking-enet\debug\networking-enet.pdb
c:\users\b7079838\desktop\8503 release  2021\plugins\networking-enet\debug\networking-enet.idb
c:\users\b7079838\desktop\8503 release  2021\plugins\networking-enet\debug\win32.obj
c:\users\b7079838\desktop\8503 release  2021\plugins\networking-enet\debug\protocol.obj
c:\users\b7079838\desktop\8503 release  2021\plugins\networking-enet\debug\peer.obj
c:\users\b7079838\desktop\8503 release  2021\plugins\networking-enet\debug\packet.obj
c:\users\b7079838\desktop\8503 release  2021\plugins\networking-enet\debug\list.obj
c:\users\b7079838\desktop\8503 release  2021\plugins\networking-enet\debug\host.obj
c:\users\b7079838\desktop\8503 release  2021\plugins\networking-enet\debug\compress.obj
c:\users\b7079838\desktop\8503 release  2021\plugins\networking-enet\debug\callbacks.obj
c:\uni\game-engineering-codebase\win32\debug\networking-enet.lib
c:\uni\games engineering code\8503 release\win32\debug\networking-enet.lib
c:\users\b7079838\desktop\8503 release  2021\win32\debug\networking-enet.lib
c:\users\b7079838\desktop\8503 release  2021\win32\debug\networking-enet.pdb
c:\users\b7079838\desktop\8503 release  2021\plugins\networking-enet\debug\networking-enet.tlog\cl.command.1.tlog
c:\users\b7079838\desktop\8503 release  2021\plugins\networking-enet\debug\networking-enet.tlog\cl.read.1.tlog
c:\users\b7079838\desktop\8503 release  2021\plugins\networking-enet\debug\networking-enet.tlog\cl.write.1.tlog
c:\users\b7079838\desktop\8503 release  2021\plugins\networking-enet\debug\networking-enet.tlog\lib-link.read.1.tlog
c:\users\b7079838\desktop\8503 release  2021\plugins\networking-enet\debug\networking-enet.tlog\lib-link.write.1.tlog
c:\users\b7079838\desktop\8503 release  2021\plugins\networking-enet\debug\networking-enet.tlog\lib.command.1.tlog
