c:\uni\game-engineering-codebase\fontbuilder\debug\vc142.pdb
c:\uni\game-engineering-codebase\fontbuilder\debug\vc142.idb
c:\uni\game-engineering-codebase\fontbuilder\debug\source.obj
c:\uni\games engineering code\game-engineering-codebase\fontbuilder\debug\vc142.pdb
c:\uni\games engineering code\game-engineering-codebase\fontbuilder\debug\vc142.idb
c:\uni\games engineering code\game-engineering-codebase\fontbuilder\debug\source.obj
c:\users\b7079838\desktop\8503 release  2021\fontbuilder\debug\vc142.pdb
c:\users\b7079838\desktop\8503 release  2021\fontbuilder\debug\vc142.idb
c:\users\b7079838\desktop\8503 release  2021\fontbuilder\debug\source.obj
c:\uni\game-engineering-codebase\debug\fontbuilder.ilk
c:\uni\game-engineering-codebase\debug\fontbuilder.exe
c:\uni\game-engineering-codebase\debug\fontbuilder.pdb
c:\uni\games engineering code\game-engineering-codebase\debug\fontbuilder.ilk
c:\uni\games engineering code\game-engineering-codebase\debug\fontbuilder.exe
c:\uni\games engineering code\game-engineering-codebase\debug\fontbuilder.pdb
c:\users\b7079838\desktop\8503 release  2021\debug\fontbuilder.ilk
c:\users\b7079838\desktop\8503 release  2021\debug\fontbuilder.exe
c:\users\b7079838\desktop\8503 release  2021\debug\fontbuilder.pdb
c:\users\b7079838\desktop\8503 release  2021\fontbuilder\debug\fontbuilder.tlog\cl.command.1.tlog
c:\users\b7079838\desktop\8503 release  2021\fontbuilder\debug\fontbuilder.tlog\cl.read.1.tlog
c:\users\b7079838\desktop\8503 release  2021\fontbuilder\debug\fontbuilder.tlog\cl.write.1.tlog
c:\users\b7079838\desktop\8503 release  2021\fontbuilder\debug\fontbuilder.tlog\link.command.1.tlog
c:\users\b7079838\desktop\8503 release  2021\fontbuilder\debug\fontbuilder.tlog\link.read.1.tlog
c:\users\b7079838\desktop\8503 release  2021\fontbuilder\debug\fontbuilder.tlog\link.write.1.tlog
