c:\uni\games engineering code\game-engineering-codebase\plugins\openglrendering\debug\openglrendering.pdb
c:\uni\games engineering code\game-engineering-codebase\plugins\openglrendering\debug\openglrendering.idb
c:\uni\games engineering code\game-engineering-codebase\plugins\openglrendering\debug\glad.obj
c:\uni\games engineering code\game-engineering-codebase\plugins\openglrendering\debug\ogltexture.obj
c:\uni\games engineering code\game-engineering-codebase\plugins\openglrendering\debug\oglshader.obj
c:\uni\games engineering code\game-engineering-codebase\plugins\openglrendering\debug\oglrenderer.obj
c:\uni\games engineering code\game-engineering-codebase\plugins\openglrendering\debug\oglmesh.obj
c:\uni\games engineering code\game-engineering-codebase\plugins\openglrendering\debug\oglcomputeshader.obj
c:\uni\games engineering code\8503 release\plugins\openglrendering\debug\openglrendering.pdb
c:\uni\games engineering code\8503 release\plugins\openglrendering\debug\openglrendering.idb
c:\uni\games engineering code\8503 release\plugins\openglrendering\debug\glad.obj
c:\uni\games engineering code\8503 release\plugins\openglrendering\debug\ogltexture.obj
c:\uni\games engineering code\8503 release\plugins\openglrendering\debug\oglshader.obj
c:\uni\games engineering code\8503 release\plugins\openglrendering\debug\oglrenderer.obj
c:\uni\games engineering code\8503 release\plugins\openglrendering\debug\oglmesh.obj
c:\uni\games engineering code\8503 release\plugins\openglrendering\debug\oglcomputeshader.obj
c:\users\b7079838\desktop\8503 release  2021\plugins\openglrendering\debug\openglrendering.pdb
c:\users\b7079838\desktop\8503 release  2021\plugins\openglrendering\debug\openglrendering.idb
c:\users\b7079838\desktop\8503 release  2021\plugins\openglrendering\debug\glad.obj
c:\users\b7079838\desktop\8503 release  2021\plugins\openglrendering\debug\ogltexture.obj
c:\users\b7079838\desktop\8503 release  2021\plugins\openglrendering\debug\oglshader.obj
c:\users\b7079838\desktop\8503 release  2021\plugins\openglrendering\debug\oglrenderer.obj
c:\users\b7079838\desktop\8503 release  2021\plugins\openglrendering\debug\oglmesh.obj
c:\users\b7079838\desktop\8503 release  2021\plugins\openglrendering\debug\oglcomputeshader.obj
c:\uni\game-engineering-codebase\win32\debug\openglrendering.lib
c:\uni\games engineering code\game-engineering-codebase\win32\debug\openglrendering.lib
c:\uni\games engineering code\8503 release\win32\debug\openglrendering.lib
c:\users\b7079838\desktop\8503 release  2021\win32\debug\openglrendering.lib
c:\users\b7079838\desktop\8503 release  2021\win32\debug\openglrendering.pdb
c:\users\b7079838\desktop\8503 release  2021\plugins\openglrendering\debug\openglrendering.tlog\cl.command.1.tlog
c:\users\b7079838\desktop\8503 release  2021\plugins\openglrendering\debug\openglrendering.tlog\cl.read.1.tlog
c:\users\b7079838\desktop\8503 release  2021\plugins\openglrendering\debug\openglrendering.tlog\cl.write.1.tlog
c:\users\b7079838\desktop\8503 release  2021\plugins\openglrendering\debug\openglrendering.tlog\lib-link.read.1.tlog
c:\users\b7079838\desktop\8503 release  2021\plugins\openglrendering\debug\openglrendering.tlog\lib-link.write.1.tlog
c:\users\b7079838\desktop\8503 release  2021\plugins\openglrendering\debug\openglrendering.tlog\lib.command.1.tlog
